{"numTotalTestSuites":2,"numPassedTestSuites":2,"numFailedTestSuites":0,"numPendingTestSuites":0,"numTotalTests":5,"numPassedTests":5,"numFailedTests":0,"numPendingTests":0,"numTodoTests":0,"snapshot":{"added":0,"failure":false,"filesAdded":0,"filesRemoved":0,"filesRemovedList":[],"filesUnmatched":0,"filesUpdated":0,"matched":0,"total":0,"unchecked":0,"uncheckedKeysByFile":[],"unmatched":0,"updated":0,"didUpdate":false},"startTime":1780590793691,"success":true,"testResults":[{"assertionResults":[{"ancestorTitles":["issue 2139 map position sync"],"fullName":"issue 2139 map position sync moves and discovers a matching node from structured location text","status":"passed","title":"moves and discovers a matching node from structured location text","duration":2.6027999999998883,"failureMessages":[],"meta":{},"tags":[]},{"ancestorTitles":["issue 2139 map position sync"],"fullName":"issue 2139 map position sync moves and discovers a matching grid cell from structured location text","status":"passed","title":"moves and discovers a matching grid cell from structured location text","duration":0.8514000000000124,"failureMessages":[],"meta":{},"tags":[]},{"ancestorTitles":["issue 2139 map position sync"],"fullName":"issue 2139 map position sync syncs metadata to the map that contains the reported location","status":"passed","title":"syncs metadata to the map that contains the reported location","duration":0.4192000000000462,"failureMessages":[],"meta":{},"tags":[]},{"ancestorTitles":["issue 2139 map position sync"],"fullName":"issue 2139 map position sync leaves metadata stable when no map contains the reported location","status":"passed","title":"leaves metadata stable when no map contains the reported location","duration":0.2563999999999851,"failureMessages":[],"meta":{},"tags":[]},{"ancestorTitles":["issue 2139 map position sync"],"fullName":"issue 2139 map position sync keeps the active map stable when it already contains the reported location","status":"passed","title":"keeps the active map stable when it already contains the reported location","duration":0.1949000000001888,"failureMessages":[],"meta":{},"tags":[]}],"startTime":1780590795275,"endTime":1780590795280.1948,"status":"passed","message":"","name":"C:/tmp/Marinara-Engine-issue-2139/scratch/issue-2139-map-position-repro.ts"}]}